app/build/intermediates/manifest_merge_blame_file/debug/manifest-merger-blame-debug-report.txt
1<?xml version="1.0" encoding="utf-8"?>
2<manifest xmlns:android="http://schemas.android.com/apk/res/android"
3    package="com.example.task"
4    android:versionCode="1"
5    android:versionName="1.0" >
6
7    <uses-sdk
8        android:minSdkVersion="21"
8-->src\main\AndroidManifest.xml
9        android:targetSdkVersion="32" />
9-->src\main\AndroidManifest.xml
10
11    <!--
12         The ACCESS_COARSE/FINE_LOCATION permissions are not required to use
13         Google Maps Android API v2, but you must specify either coarse or fine
14         location permissions for the "MyLocation" functionality.
15    -->
16    <uses-permission android:name="android.permission.ACCESS_FINE_LOCATION" />
16-->src\main\AndroidManifest.xml:10:5-79
16-->src\main\AndroidManifest.xml:10:22-76
17    <uses-permission android:name="android.permission.ACCESS_COARSE_LOCATION" />
17-->src\main\AndroidManifest.xml:11:5-81
17-->src\main\AndroidManifest.xml:11:22-78
18    <uses-permission android:name="android.permission.INTERNET" />
18-->src\main\AndroidManifest.xml:12:5-67
18-->src\main\AndroidManifest.xml:12:22-64
19
20    <!-- Include required permissions for Google Maps API to run. -->
21    <uses-permission android:name="android.permission.ACCESS_NETWORK_STATE" />
21-->[com.google.android.gms:play-services-maps:18.0.2] AndroidManifest.xml:23:5-79
21-->[com.google.android.gms:play-services-maps:18.0.2] AndroidManifest.xml:23:22-76
22
23    <uses-feature
23-->[com.google.android.gms:play-services-maps:18.0.2] AndroidManifest.xml:26:5-28:35
24        android:glEsVersion="0x00020000"
24-->[com.google.android.gms:play-services-maps:18.0.2] AndroidManifest.xml:27:9-41
25        android:required="true" />
25-->[com.google.android.gms:play-services-maps:18.0.2] AndroidManifest.xml:28:9-32
26
27    <queries>
27-->[com.google.android.gms:play-services-maps:18.0.2] AndroidManifest.xml:30:5-34:15
28
29        <!-- Needs to be explicitly declared on Android R+ -->
30        <package android:name="com.google.android.apps.maps" />
30-->[com.google.android.gms:play-services-maps:18.0.2] AndroidManifest.xml:33:9-64
30-->[com.google.android.gms:play-services-maps:18.0.2] AndroidManifest.xml:33:18-61
31    </queries>
32
33    <application
33-->src\main\AndroidManifest.xml:14:5-56:19
34        android:allowBackup="true"
34-->src\main\AndroidManifest.xml:15:9-35
35        android:appComponentFactory="androidx.core.app.CoreComponentFactory"
35-->[androidx.core:core:1.7.0] AndroidManifest.xml:24:18-86
36        android:debuggable="true"
37        android:icon="@drawable/car"
37-->src\main\AndroidManifest.xml:16:9-37
38        android:label="@string/app_name"
38-->src\main\AndroidManifest.xml:17:9-41
39        android:roundIcon="@mipmap/ic_launcher_round"
39-->src\main\AndroidManifest.xml:18:9-54
40        android:supportsRtl="true"
40-->src\main\AndroidManifest.xml:19:9-35
41        android:testOnly="true"
42        android:theme="@style/Theme.Parking_Slots"
42-->src\main\AndroidManifest.xml:20:9-51
43        android:usesCleartextTraffic="true" >
43-->src\main\AndroidManifest.xml:21:9-44
44        <meta-data
44-->src\main\AndroidManifest.xml:23:9-25:55
45            android:name="com.google.android.geo.API_KEY"
45-->src\main\AndroidManifest.xml:24:13-58
46            android:value="@string/google_maps_key" />
46-->src\main\AndroidManifest.xml:25:13-52
47
48        <activity
48-->src\main\AndroidManifest.xml:27:9-31:59
49            android:name="com.example.task.MapsActivity"
49-->src\main\AndroidManifest.xml:28:13-41
50            android:exported="true"
50-->src\main\AndroidManifest.xml:29:13-36
51            android:label="@string/title_activity_maps"
51-->src\main\AndroidManifest.xml:31:13-56
52            android:theme="@style/Theme.MaterialComponents.Light.DarkActionBar" />
52-->src\main\AndroidManifest.xml:30:13-80
53        <activity
53-->src\main\AndroidManifest.xml:32:9-34:39
54            android:name="com.example.task.SecondActivity"
54-->src\main\AndroidManifest.xml:33:13-43
55            android:exported="true" />
55-->src\main\AndroidManifest.xml:34:13-36
56        <activity
56-->src\main\AndroidManifest.xml:35:9-43:20
57            android:name="com.example.task.MainActivity"
57-->src\main\AndroidManifest.xml:36:13-41
58            android:exported="true" >
58-->src\main\AndroidManifest.xml:37:13-36
59            <intent-filter>
59-->src\main\AndroidManifest.xml:38:13-42:29
60                <action android:name="android.intent.action.MAIN" />
60-->src\main\AndroidManifest.xml:39:17-69
60-->src\main\AndroidManifest.xml:39:25-66
61
62                <category android:name="android.intent.category.LAUNCHER" />
62-->src\main\AndroidManifest.xml:41:17-77
62-->src\main\AndroidManifest.xml:41:27-74
63            </intent-filter>
64        </activity>
65
66        <service
66-->src\main\AndroidManifest.xml:45:9-49:44
67            android:name="com.example.task.MediaObserver"
67-->src\main\AndroidManifest.xml:46:13-42
68            android:enabled="true"
68-->src\main\AndroidManifest.xml:47:13-35
69            android:exported="false"
69-->src\main\AndroidManifest.xml:48:13-37
70            android:stopWithTask="false" />
70-->src\main\AndroidManifest.xml:49:13-41
71        <service
71-->src\main\AndroidManifest.xml:50:9-54:49
72            android:name="com.example.task.MyServices"
72-->src\main\AndroidManifest.xml:51:13-39
73            android:enabled="true"
73-->src\main\AndroidManifest.xml:52:13-35
74            android:exported="true"
74-->src\main\AndroidManifest.xml:53:13-36
75            android:process=":ServiceProcess" />
75-->src\main\AndroidManifest.xml:54:13-46
76
77        <activity
77-->[com.karumi:dexter:6.2.3] AndroidManifest.xml:27:9-29:72
78            android:name="com.karumi.dexter.DexterActivity"
78-->[com.karumi:dexter:6.2.3] AndroidManifest.xml:28:13-60
79            android:theme="@style/Dexter.Internal.Theme.Transparent" /> <!-- Needs to be explicitly declared on P+ -->
79-->[com.karumi:dexter:6.2.3] AndroidManifest.xml:29:13-69
80        <uses-library
80-->[com.google.android.gms:play-services-maps:18.0.2] AndroidManifest.xml:39:9-41:40
81            android:name="org.apache.http.legacy"
81-->[com.google.android.gms:play-services-maps:18.0.2] AndroidManifest.xml:40:13-50
82            android:required="false" />
82-->[com.google.android.gms:play-services-maps:18.0.2] AndroidManifest.xml:41:13-37
83
84        <activity
84-->[com.google.android.gms:play-services-base:18.0.1] AndroidManifest.xml:20:9-22:45
85            android:name="com.google.android.gms.common.api.GoogleApiActivity"
85-->[com.google.android.gms:play-services-base:18.0.1] AndroidManifest.xml:20:19-85
86            android:exported="false"
86-->[com.google.android.gms:play-services-base:18.0.1] AndroidManifest.xml:22:19-43
87            android:theme="@android:style/Theme.Translucent.NoTitleBar" />
87-->[com.google.android.gms:play-services-base:18.0.1] AndroidManifest.xml:21:19-78
88
89        <meta-data
89-->[com.google.android.gms:play-services-basement:18.0.0] AndroidManifest.xml:21:9-23:69
90            android:name="com.google.android.gms.version"
90-->[com.google.android.gms:play-services-basement:18.0.0] AndroidManifest.xml:22:13-58
91            android:value="@integer/google_play_services_version" />
91-->[com.google.android.gms:play-services-basement:18.0.0] AndroidManifest.xml:23:13-66
92
93        <provider
93-->[androidx.emoji2:emoji2:1.0.0] AndroidManifest.xml:26:9-34:20
94            android:name="androidx.startup.InitializationProvider"
94-->[androidx.emoji2:emoji2:1.0.0] AndroidManifest.xml:27:13-67
95            android:authorities="com.example.task.androidx-startup"
95-->[androidx.emoji2:emoji2:1.0.0] AndroidManifest.xml:28:13-68
96            android:exported="false" >
96-->[androidx.emoji2:emoji2:1.0.0] AndroidManifest.xml:29:13-37
97            <meta-data
97-->[androidx.emoji2:emoji2:1.0.0] AndroidManifest.xml:31:13-33:52
98                android:name="androidx.emoji2.text.EmojiCompatInitializer"
98-->[androidx.emoji2:emoji2:1.0.0] AndroidManifest.xml:32:17-75
99                android:value="androidx.startup" />
99-->[androidx.emoji2:emoji2:1.0.0] AndroidManifest.xml:33:17-49
100            <meta-data
100-->[androidx.lifecycle:lifecycle-process:2.4.0] AndroidManifest.xml:31:13-33:52
101                android:name="androidx.lifecycle.ProcessLifecycleInitializer"
101-->[androidx.lifecycle:lifecycle-process:2.4.0] AndroidManifest.xml:32:17-78
102                android:value="androidx.startup" />
102-->[androidx.lifecycle:lifecycle-process:2.4.0] AndroidManifest.xml:33:17-49
103        </provider>
104    </application>
105
106</manifest>